<?xml version="1.0" encoding="UTF-8"?>
<testsuite name="com.example.guestbook.GuestbookApplicationTests" tests="1" skipped="0" failures="0" errors="0" timestamp="2021-01-22T03:35:53" hostname="AL01590068.local" time="0.003">
  <properties/>
  <testcase name="contextLoads()" classname="com.example.guestbook.GuestbookApplicationTests" time="0.003"/>
  <system-out><![CDATA[2021-01-22 12:35:53.396  INFO 6533 --- [    Test worker] .b.t.c.SpringBootTestContextBootstrapper : Neither @ContextConfiguration nor @ContextHierarchy found for test class [com.example.guestbook.GuestbookApplicationTests], using SpringBootContextLoader
2021-01-22 12:35:53.397  INFO 6533 --- [    Test worker] o.s.t.c.support.AbstractContextLoader    : Could not detect default resource locations for test class [com.example.guestbook.GuestbookApplicationTests]: no resource found for suffixes {-context.xml, Context.groovy}.
2021-01-22 12:35:53.397  INFO 6533 --- [    Test worker] t.c.s.AnnotationConfigContextLoaderUtils : Could not detect default configuration classes for test class [com.example.guestbook.GuestbookApplicationTests]: GuestbookApplicationTests does not declare any static, non-private, non-final, nested classes annotated with @Configuration.
2021-01-22 12:35:53.400  INFO 6533 --- [    Test worker] .b.t.c.SpringBootTestContextBootstrapper : Found @SpringBootConfiguration com.example.guestbook.GuestbookApplication for test class com.example.guestbook.GuestbookApplicationTests
2021-01-22 12:35:53.401  INFO 6533 --- [    Test worker] .b.t.c.SpringBootTestContextBootstrapper : Loaded default TestExecutionListener class names from location [META-INF/spring.factories]: [org.springframework.boot.test.autoconfigure.restdocs.RestDocsTestExecutionListener, org.springframework.boot.test.autoconfigure.web.client.MockRestServiceServerResetTestExecutionListener, org.springframework.boot.test.autoconfigure.web.servlet.MockMvcPrintOnlyOnFailureTestExecutionListener, org.springframework.boot.test.autoconfigure.web.servlet.WebDriverTestExecutionListener, org.springframework.boot.test.autoconfigure.webservices.client.MockWebServiceServerTestExecutionListener, org.springframework.boot.test.mock.mockito.MockitoTestExecutionListener, org.springframework.boot.test.mock.mockito.ResetMocksTestExecutionListener, org.springframework.test.context.web.ServletTestExecutionListener, org.springframework.test.context.support.DirtiesContextBeforeModesTestExecutionListener, org.springframework.test.context.event.ApplicationEventsTestExecutionListener, org.springframework.test.context.support.DependencyInjectionTestExecutionListener, org.springframework.test.context.support.DirtiesContextTestExecutionListener, org.springframework.test.context.transaction.TransactionalTestExecutionListener, org.springframework.test.context.jdbc.SqlScriptsTestExecutionListener, org.springframework.test.context.event.EventPublishingTestExecutionListener]
2021-01-22 12:35:53.402  INFO 6533 --- [    Test worker] .b.t.c.SpringBootTestContextBootstrapper : Using TestExecutionListeners: [org.springframework.test.context.web.ServletTestExecutionListener@23b547d9, org.springframework.test.context.support.DirtiesContextBeforeModesTestExecutionListener@194d2256, org.springframework.test.context.event.ApplicationEventsTestExecutionListener@40edacb1, org.springframework.boot.test.mock.mockito.MockitoTestExecutionListener@6e1fc2b7, org.springframework.boot.test.autoconfigure.SpringBootDependencyInjectionTestExecutionListener@671ddb22, org.springframework.test.context.support.DirtiesContextTestExecutionListener@17b21a05, org.springframework.test.context.transaction.TransactionalTestExecutionListener@3a97a466, org.springframework.test.context.jdbc.SqlScriptsTestExecutionListener@2a8dd3f9, org.springframework.test.context.event.EventPublishingTestExecutionListener@23c0d941, org.springframework.boot.test.autoconfigure.restdocs.RestDocsTestExecutionListener@24a59d0e, org.springframework.boot.test.autoconfigure.web.client.MockRestServiceServerResetTestExecutionListener@2396a968, org.springframework.boot.test.autoconfigure.web.servlet.MockMvcPrintOnlyOnFailureTestExecutionListener@67c0a4f8, org.springframework.boot.test.autoconfigure.web.servlet.WebDriverTestExecutionListener@426f7390, org.springframework.boot.test.autoconfigure.webservices.client.MockWebServiceServerTestExecutionListener@4aaacb3e, org.springframework.boot.test.mock.mockito.ResetMocksTestExecutionListener@5ce1f6ea]
]]></system-out>
  <system-err><![CDATA[]]></system-err>
</testsuite>
