<?xml version="1.0" encoding="UTF-8"?>
<testsuite name="com.example.mreview.service.ReviewServiceTests" tests="1" skipped="0" failures="0" errors="0" timestamp="2021-01-22T04:25:59" hostname="AL01590068.local" time="0.002">
  <properties/>
  <testcase name="testGetListOfMovie()" classname="com.example.mreview.service.ReviewServiceTests" time="0.002"/>
  <system-out><![CDATA[2021-01-22 13:25:59.190  INFO 7808 --- [    Test worker] .b.t.c.SpringBootTestContextBootstrapper : Neither @ContextConfiguration nor @ContextHierarchy found for test class [com.example.mreview.service.ReviewServiceTests], using SpringBootContextLoader
2021-01-22 13:25:59.191  INFO 7808 --- [    Test worker] o.s.t.c.support.AbstractContextLoader    : Could not detect default resource locations for test class [com.example.mreview.service.ReviewServiceTests]: no resource found for suffixes {-context.xml, Context.groovy}.
2021-01-22 13:25:59.191  INFO 7808 --- [    Test worker] t.c.s.AnnotationConfigContextLoaderUtils : Could not detect default configuration classes for test class [com.example.mreview.service.ReviewServiceTests]: ReviewServiceTests does not declare any static, non-private, non-final, nested classes annotated with @Configuration.
2021-01-22 13:25:59.195  INFO 7808 --- [    Test worker] .b.t.c.SpringBootTestContextBootstrapper : Found @SpringBootConfiguration com.example.mreview.MreviewApplication for test class com.example.mreview.service.ReviewServiceTests
2021-01-22 13:25:59.196  INFO 7808 --- [    Test worker] .b.t.c.SpringBootTestContextBootstrapper : Loaded default TestExecutionListener class names from location [META-INF/spring.factories]: [org.springframework.boot.test.autoconfigure.restdocs.RestDocsTestExecutionListener, org.springframework.boot.test.autoconfigure.web.client.MockRestServiceServerResetTestExecutionListener, org.springframework.boot.test.autoconfigure.web.servlet.MockMvcPrintOnlyOnFailureTestExecutionListener, org.springframework.boot.test.autoconfigure.web.servlet.WebDriverTestExecutionListener, org.springframework.boot.test.autoconfigure.webservices.client.MockWebServiceServerTestExecutionListener, org.springframework.boot.test.mock.mockito.MockitoTestExecutionListener, org.springframework.boot.test.mock.mockito.ResetMocksTestExecutionListener, org.springframework.test.context.web.ServletTestExecutionListener, org.springframework.test.context.support.DirtiesContextBeforeModesTestExecutionListener, org.springframework.test.context.event.ApplicationEventsTestExecutionListener, org.springframework.test.context.support.DependencyInjectionTestExecutionListener, org.springframework.test.context.support.DirtiesContextTestExecutionListener, org.springframework.test.context.transaction.TransactionalTestExecutionListener, org.springframework.test.context.jdbc.SqlScriptsTestExecutionListener, org.springframework.test.context.event.EventPublishingTestExecutionListener]
2021-01-22 13:25:59.196  INFO 7808 --- [    Test worker] .b.t.c.SpringBootTestContextBootstrapper : Using TestExecutionListeners: [org.springframework.test.context.web.ServletTestExecutionListener@734ce94d, org.springframework.test.context.support.DirtiesContextBeforeModesTestExecutionListener@13960bf7, org.springframework.test.context.event.ApplicationEventsTestExecutionListener@97749fa, org.springframework.boot.test.mock.mockito.MockitoTestExecutionListener@393461a8, org.springframework.boot.test.autoconfigure.SpringBootDependencyInjectionTestExecutionListener@2da6e142, org.springframework.test.context.support.DirtiesContextTestExecutionListener@e4c8eb2, org.springframework.test.context.transaction.TransactionalTestExecutionListener@3d473e18, org.springframework.test.context.jdbc.SqlScriptsTestExecutionListener@27e43139, org.springframework.test.context.event.EventPublishingTestExecutionListener@3dd26876, org.springframework.boot.test.autoconfigure.restdocs.RestDocsTestExecutionListener@57015860, org.springframework.boot.test.autoconfigure.web.client.MockRestServiceServerResetTestExecutionListener@53321b66, org.springframework.boot.test.autoconfigure.web.servlet.MockMvcPrintOnlyOnFailureTestExecutionListener@555995c0, org.springframework.boot.test.autoconfigure.web.servlet.WebDriverTestExecutionListener@7be6c6c5, org.springframework.boot.test.autoconfigure.webservices.client.MockWebServiceServerTestExecutionListener@26794381, org.springframework.boot.test.mock.mockito.ResetMocksTestExecutionListener@65d39503]
============ TEST START ============
============ TEST EBD ============
]]></system-out>
  <system-err><![CDATA[]]></system-err>
</testsuite>
