<?xml version="1.0" encoding="UTF-8"?>
<testsuite name="com.example.mreview.repository.MemberRepositoryTests" tests="1" skipped="0" failures="0" errors="0" timestamp="2021-01-22T04:25:52" hostname="AL01590068.local" time="3.36">
  <properties/>
  <testcase name="insertMembers()" classname="com.example.mreview.repository.MemberRepositoryTests" time="3.36"/>
  <system-out><![CDATA[13:25:42.735 [Test worker] DEBUG org.springframework.test.context.BootstrapUtils - Instantiating CacheAwareContextLoaderDelegate from class [org.springframework.test.context.cache.DefaultCacheAwareContextLoaderDelegate]
13:25:42.744 [Test worker] DEBUG org.springframework.test.context.BootstrapUtils - Instantiating BootstrapContext using constructor [public org.springframework.test.context.support.DefaultBootstrapContext(java.lang.Class,org.springframework.test.context.CacheAwareContextLoaderDelegate)]
13:25:42.774 [Test worker] DEBUG org.springframework.test.context.BootstrapUtils - Instantiating TestContextBootstrapper for test class [com.example.mreview.repository.MemberRepositoryTests] from class [org.springframework.boot.test.context.SpringBootTestContextBootstrapper]
13:25:42.783 [Test worker] INFO org.springframework.boot.test.context.SpringBootTestContextBootstrapper - Neither @ContextConfiguration nor @ContextHierarchy found for test class [com.example.mreview.repository.MemberRepositoryTests], using SpringBootContextLoader
13:25:42.786 [Test worker] DEBUG org.springframework.test.context.support.AbstractContextLoader - Did not detect default resource location for test class [com.example.mreview.repository.MemberRepositoryTests]: class path resource [com/example/mreview/repository/MemberRepositoryTests-context.xml] does not exist
13:25:42.787 [Test worker] DEBUG org.springframework.test.context.support.AbstractContextLoader - Did not detect default resource location for test class [com.example.mreview.repository.MemberRepositoryTests]: class path resource [com/example/mreview/repository/MemberRepositoryTestsContext.groovy] does not exist
13:25:42.787 [Test worker] INFO org.springframework.test.context.support.AbstractContextLoader - Could not detect default resource locations for test class [com.example.mreview.repository.MemberRepositoryTests]: no resource found for suffixes {-context.xml, Context.groovy}.
13:25:42.788 [Test worker] INFO org.springframework.test.context.support.AnnotationConfigContextLoaderUtils - Could not detect default configuration classes for test class [com.example.mreview.repository.MemberRepositoryTests]: MemberRepositoryTests does not declare any static, non-private, non-final, nested classes annotated with @Configuration.
13:25:42.827 [Test worker] DEBUG org.springframework.test.context.support.ActiveProfilesUtils - Could not find an 'annotation declaring class' for annotation type [org.springframework.test.context.ActiveProfiles] and class [com.example.mreview.repository.MemberRepositoryTests]
13:25:42.889 [Test worker] DEBUG org.springframework.context.annotation.ClassPathScanningCandidateComponentProvider - Identified candidate component class: file [/Users/godo/IdeaProjects/mreview/build/classes/java/main/com/example/mreview/MreviewApplication.class]
13:25:42.890 [Test worker] INFO org.springframework.boot.test.context.SpringBootTestContextBootstrapper - Found @SpringBootConfiguration com.example.mreview.MreviewApplication for test class com.example.mreview.repository.MemberRepositoryTests
13:25:42.972 [Test worker] DEBUG org.springframework.boot.test.context.SpringBootTestContextBootstrapper - @TestExecutionListeners is not present for class [com.example.mreview.repository.MemberRepositoryTests]: using defaults.
13:25:42.973 [Test worker] INFO org.springframework.boot.test.context.SpringBootTestContextBootstrapper - Loaded default TestExecutionListener class names from location [META-INF/spring.factories]: [org.springframework.boot.test.autoconfigure.restdocs.RestDocsTestExecutionListener, org.springframework.boot.test.autoconfigure.web.client.MockRestServiceServerResetTestExecutionListener, org.springframework.boot.test.autoconfigure.web.servlet.MockMvcPrintOnlyOnFailureTestExecutionListener, org.springframework.boot.test.autoconfigure.web.servlet.WebDriverTestExecutionListener, org.springframework.boot.test.autoconfigure.webservices.client.MockWebServiceServerTestExecutionListener, org.springframework.boot.test.mock.mockito.MockitoTestExecutionListener, org.springframework.boot.test.mock.mockito.ResetMocksTestExecutionListener, org.springframework.test.context.web.ServletTestExecutionListener, org.springframework.test.context.support.DirtiesContextBeforeModesTestExecutionListener, org.springframework.test.context.event.ApplicationEventsTestExecutionListener, org.springframework.test.context.support.DependencyInjectionTestExecutionListener, org.springframework.test.context.support.DirtiesContextTestExecutionListener, org.springframework.test.context.transaction.TransactionalTestExecutionListener, org.springframework.test.context.jdbc.SqlScriptsTestExecutionListener, org.springframework.test.context.event.EventPublishingTestExecutionListener]
13:25:42.988 [Test worker] INFO org.springframework.boot.test.context.SpringBootTestContextBootstrapper - Using TestExecutionListeners: [org.springframework.test.context.web.ServletTestExecutionListener@6d09f9df, org.springframework.test.context.support.DirtiesContextBeforeModesTestExecutionListener@7429e3d9, org.springframework.test.context.event.ApplicationEventsTestExecutionListener@727c00a4, org.springframework.boot.test.mock.mockito.MockitoTestExecutionListener@6959d4aa, org.springframework.boot.test.autoconfigure.SpringBootDependencyInjectionTestExecutionListener@4bbc0f5f, org.springframework.test.context.support.DirtiesContextTestExecutionListener@70b00ada, org.springframework.test.context.transaction.TransactionalTestExecutionListener@62db4d48, org.springframework.test.context.jdbc.SqlScriptsTestExecutionListener@4500293d, org.springframework.test.context.event.EventPublishingTestExecutionListener@6eed0035, org.springframework.boot.test.autoconfigure.restdocs.RestDocsTestExecutionListener@1e7b21e8, org.springframework.boot.test.autoconfigure.web.client.MockRestServiceServerResetTestExecutionListener@26f28e62, org.springframework.boot.test.autoconfigure.web.servlet.MockMvcPrintOnlyOnFailureTestExecutionListener@627f1240, org.springframework.boot.test.autoconfigure.web.servlet.WebDriverTestExecutionListener@64155a92, org.springframework.boot.test.autoconfigure.webservices.client.MockWebServiceServerTestExecutionListener@23265399, org.springframework.boot.test.mock.mockito.ResetMocksTestExecutionListener@11955801]
13:25:42.991 [Test worker] DEBUG org.springframework.test.context.support.AbstractDirtiesContextTestExecutionListener - Before test class: context [DefaultTestContext@4f1094c5 testClass = MemberRepositoryTests, testInstance = [null], testMethod = [null], testException = [null], mergedContextConfiguration = [WebMergedContextConfiguration@705f1382 testClass = MemberRepositoryTests, locations = '{}', classes = '{class com.example.mreview.MreviewApplication}', contextInitializerClasses = '[]', activeProfiles = '{}', propertySourceLocations = '{}', propertySourceProperties = '{org.springframework.boot.test.context.SpringBootTestContextBootstrapper=true}', contextCustomizers = set[org.springframework.boot.test.autoconfigure.actuate.metrics.MetricsExportContextCustomizerFactory$DisableMetricExportContextCustomizer@6a586286, org.springframework.boot.test.autoconfigure.properties.PropertyMappingContextCustomizer@0, org.springframework.boot.test.autoconfigure.web.servlet.WebDriverContextCustomizerFactory$Customizer@582e5627, org.springframework.boot.test.context.filter.ExcludeFilterContextCustomizer@7e9c5bc3, org.springframework.boot.test.json.DuplicateJsonObjectContextCustomizerFactory$DuplicateJsonObjectContextCustomizer@7fc35e8e, org.springframework.boot.test.mock.mockito.MockitoContextCustomizer@0, org.springframework.boot.test.web.client.TestRestTemplateContextCustomizer@2857041, org.springframework.boot.test.context.SpringBootTestArgs@1, org.springframework.boot.test.context.SpringBootTestWebEnvironment@6f5c90f6], resourceBasePath = 'src/main/webapp', contextLoader = 'org.springframework.boot.test.context.SpringBootContextLoader', parent = [null]], attributes = map['org.springframework.test.context.web.ServletTestExecutionListener.activateListener' -> true]], class annotated with @DirtiesContext [false] with mode [null].
13:25:43.017 [Test worker] DEBUG org.springframework.test.context.support.TestPropertySourceUtils - Adding inlined properties to environment: {spring.jmx.enabled=false, org.springframework.boot.test.context.SpringBootTestContextBootstrapper=true}

  .   ____          _            __ _ _
 /\\ / ___'_ __ _ _(_)_ __  __ _ \ \ \ \
( ( )\___ | '_ | '_| | '_ \/ _` | \ \ \ \
 \\/  ___)| |_)| | | | | || (_| |  ) ) ) )
  '  |____| .__|_| |_|_| |_\__, | / / / /
 =========|_|==============|___/=/_/_/_/
 :: Spring Boot ::                (v2.4.2)

2021-01-22 13:25:48.262  INFO 7808 --- [    Test worker] c.e.m.repository.MemberRepositoryTests   : Starting MemberRepositoryTests using Java 11.0.9.1 on AL01590068.local with PID 7808 (started by godo in /Users/godo/IdeaProjects/mreview)
2021-01-22 13:25:48.265  INFO 7808 --- [    Test worker] c.e.m.repository.MemberRepositoryTests   : No active profile set, falling back to default profiles: default
2021-01-22 13:25:48.915  INFO 7808 --- [    Test worker] .s.d.r.c.RepositoryConfigurationDelegate : Bootstrapping Spring Data JPA repositories in DEFAULT mode.
2021-01-22 13:25:48.981  INFO 7808 --- [    Test worker] .s.d.r.c.RepositoryConfigurationDelegate : Finished Spring Data repository scanning in 59 ms. Found 4 JPA repository interfaces.
2021-01-22 13:25:49.599  INFO 7808 --- [    Test worker] o.hibernate.jpa.internal.util.LogHelper  : HHH000204: Processing PersistenceUnitInfo [name: default]
2021-01-22 13:25:49.650  INFO 7808 --- [    Test worker] org.hibernate.Version                    : HHH000412: Hibernate ORM core version 5.4.27.Final
2021-01-22 13:25:49.788  INFO 7808 --- [    Test worker] o.hibernate.annotations.common.Version   : HCANN000001: Hibernate Commons Annotations {5.1.2.Final}
2021-01-22 13:25:49.898  INFO 7808 --- [    Test worker] com.zaxxer.hikari.HikariDataSource       : HikariPool-1 - Starting...
2021-01-22 13:25:50.375  INFO 7808 --- [    Test worker] com.zaxxer.hikari.HikariDataSource       : HikariPool-1 - Start completed.
2021-01-22 13:25:50.404  INFO 7808 --- [    Test worker] org.hibernate.dialect.Dialect            : HHH000400: Using dialect: org.hibernate.dialect.MySQL57Dialect
2021-01-22 13:25:51.231  INFO 7808 --- [    Test worker] o.h.e.t.j.p.i.JtaPlatformInitiator       : HHH000490: Using JtaPlatform implementation: [org.hibernate.engine.transaction.jta.platform.internal.NoJtaPlatform]
2021-01-22 13:25:51.238  INFO 7808 --- [    Test worker] j.LocalContainerEntityManagerFactoryBean : Initialized JPA EntityManagerFactory for persistence unit 'default'
2021-01-22 13:25:52.095  WARN 7808 --- [    Test worker] JpaBaseConfiguration$JpaWebConfiguration : spring.jpa.open-in-view is enabled by default. Therefore, database queries may be performed during view rendering. Explicitly configure spring.jpa.open-in-view to disable this warning
2021-01-22 13:25:52.331  INFO 7808 --- [    Test worker] o.s.s.concurrent.ThreadPoolTaskExecutor  : Initializing ExecutorService 'applicationTaskExecutor'
2021-01-22 13:25:52.438  INFO 7808 --- [    Test worker] o.s.b.a.w.s.WelcomePageHandlerMapping    : Adding welcome page: class path resource [static/index.html]
2021-01-22 13:25:52.745  INFO 7808 --- [    Test worker] c.e.m.repository.MemberRepositoryTests   : Started MemberRepositoryTests in 9.722 seconds (JVM running for 10.771)
Hibernate: 
    insert 
    into
        m_member
        (moddate, regdate, email, nickname, pw) 
    values
        (?, ?, ?, ?, ?)
Hibernate: 
    insert 
    into
        m_member
        (moddate, regdate, email, nickname, pw) 
    values
        (?, ?, ?, ?, ?)
Hibernate: 
    insert 
    into
        m_member
        (moddate, regdate, email, nickname, pw) 
    values
        (?, ?, ?, ?, ?)
Hibernate: 
    insert 
    into
        m_member
        (moddate, regdate, email, nickname, pw) 
    values
        (?, ?, ?, ?, ?)
Hibernate: 
    insert 
    into
        m_member
        (moddate, regdate, email, nickname, pw) 
    values
        (?, ?, ?, ?, ?)
Hibernate: 
    insert 
    into
        m_member
        (moddate, regdate, email, nickname, pw) 
    values
        (?, ?, ?, ?, ?)
Hibernate: 
    insert 
    into
        m_member
        (moddate, regdate, email, nickname, pw) 
    values
        (?, ?, ?, ?, ?)
Hibernate: 
    insert 
    into
        m_member
        (moddate, regdate, email, nickname, pw) 
    values
        (?, ?, ?, ?, ?)
Hibernate: 
    insert 
    into
        m_member
        (moddate, regdate, email, nickname, pw) 
    values
        (?, ?, ?, ?, ?)
Hibernate: 
    insert 
    into
        m_member
        (moddate, regdate, email, nickname, pw) 
    values
        (?, ?, ?, ?, ?)
Hibernate: 
    insert 
    into
        m_member
        (moddate, regdate, email, nickname, pw) 
    values
        (?, ?, ?, ?, ?)
Hibernate: 
    insert 
    into
        m_member
        (moddate, regdate, email, nickname, pw) 
    values
        (?, ?, ?, ?, ?)
Hibernate: 
    insert 
    into
        m_member
        (moddate, regdate, email, nickname, pw) 
    values
        (?, ?, ?, ?, ?)
Hibernate: 
    insert 
    into
        m_member
        (moddate, regdate, email, nickname, pw) 
    values
        (?, ?, ?, ?, ?)
Hibernate: 
    insert 
    into
        m_member
        (moddate, regdate, email, nickname, pw) 
    values
        (?, ?, ?, ?, ?)
Hibernate: 
    insert 
    into
        m_member
        (moddate, regdate, email, nickname, pw) 
    values
        (?, ?, ?, ?, ?)
Hibernate: 
    insert 
    into
        m_member
        (moddate, regdate, email, nickname, pw) 
    values
        (?, ?, ?, ?, ?)
Hibernate: 
    insert 
    into
        m_member
        (moddate, regdate, email, nickname, pw) 
    values
        (?, ?, ?, ?, ?)
Hibernate: 
    insert 
    into
        m_member
        (moddate, regdate, email, nickname, pw) 
    values
        (?, ?, ?, ?, ?)
Hibernate: 
    insert 
    into
        m_member
        (moddate, regdate, email, nickname, pw) 
    values
        (?, ?, ?, ?, ?)
Hibernate: 
    insert 
    into
        m_member
        (moddate, regdate, email, nickname, pw) 
    values
        (?, ?, ?, ?, ?)
Hibernate: 
    insert 
    into
        m_member
        (moddate, regdate, email, nickname, pw) 
    values
        (?, ?, ?, ?, ?)
Hibernate: 
    insert 
    into
        m_member
        (moddate, regdate, email, nickname, pw) 
    values
        (?, ?, ?, ?, ?)
Hibernate: 
    insert 
    into
        m_member
        (moddate, regdate, email, nickname, pw) 
    values
        (?, ?, ?, ?, ?)
Hibernate: 
    insert 
    into
        m_member
        (moddate, regdate, email, nickname, pw) 
    values
        (?, ?, ?, ?, ?)
Hibernate: 
    insert 
    into
        m_member
        (moddate, regdate, email, nickname, pw) 
    values
        (?, ?, ?, ?, ?)
Hibernate: 
    insert 
    into
        m_member
        (moddate, regdate, email, nickname, pw) 
    values
        (?, ?, ?, ?, ?)
Hibernate: 
    insert 
    into
        m_member
        (moddate, regdate, email, nickname, pw) 
    values
        (?, ?, ?, ?, ?)
Hibernate: 
    insert 
    into
        m_member
        (moddate, regdate, email, nickname, pw) 
    values
        (?, ?, ?, ?, ?)
Hibernate: 
    insert 
    into
        m_member
        (moddate, regdate, email, nickname, pw) 
    values
        (?, ?, ?, ?, ?)
Hibernate: 
    insert 
    into
        m_member
        (moddate, regdate, email, nickname, pw) 
    values
        (?, ?, ?, ?, ?)
Hibernate: 
    insert 
    into
        m_member
        (moddate, regdate, email, nickname, pw) 
    values
        (?, ?, ?, ?, ?)
Hibernate: 
    insert 
    into
        m_member
        (moddate, regdate, email, nickname, pw) 
    values
        (?, ?, ?, ?, ?)
Hibernate: 
    insert 
    into
        m_member
        (moddate, regdate, email, nickname, pw) 
    values
        (?, ?, ?, ?, ?)
Hibernate: 
    insert 
    into
        m_member
        (moddate, regdate, email, nickname, pw) 
    values
        (?, ?, ?, ?, ?)
Hibernate: 
    insert 
    into
        m_member
        (moddate, regdate, email, nickname, pw) 
    values
        (?, ?, ?, ?, ?)
Hibernate: 
    insert 
    into
        m_member
        (moddate, regdate, email, nickname, pw) 
    values
        (?, ?, ?, ?, ?)
Hibernate: 
    insert 
    into
        m_member
        (moddate, regdate, email, nickname, pw) 
    values
        (?, ?, ?, ?, ?)
Hibernate: 
    insert 
    into
        m_member
        (moddate, regdate, email, nickname, pw) 
    values
        (?, ?, ?, ?, ?)
Hibernate: 
    insert 
    into
        m_member
        (moddate, regdate, email, nickname, pw) 
    values
        (?, ?, ?, ?, ?)
Hibernate: 
    insert 
    into
        m_member
        (moddate, regdate, email, nickname, pw) 
    values
        (?, ?, ?, ?, ?)
Hibernate: 
    insert 
    into
        m_member
        (moddate, regdate, email, nickname, pw) 
    values
        (?, ?, ?, ?, ?)
Hibernate: 
    insert 
    into
        m_member
        (moddate, regdate, email, nickname, pw) 
    values
        (?, ?, ?, ?, ?)
Hibernate: 
    insert 
    into
        m_member
        (moddate, regdate, email, nickname, pw) 
    values
        (?, ?, ?, ?, ?)
Hibernate: 
    insert 
    into
        m_member
        (moddate, regdate, email, nickname, pw) 
    values
        (?, ?, ?, ?, ?)
Hibernate: 
    insert 
    into
        m_member
        (moddate, regdate, email, nickname, pw) 
    values
        (?, ?, ?, ?, ?)
Hibernate: 
    insert 
    into
        m_member
        (moddate, regdate, email, nickname, pw) 
    values
        (?, ?, ?, ?, ?)
Hibernate: 
    insert 
    into
        m_member
        (moddate, regdate, email, nickname, pw) 
    values
        (?, ?, ?, ?, ?)
Hibernate: 
    insert 
    into
        m_member
        (moddate, regdate, email, nickname, pw) 
    values
        (?, ?, ?, ?, ?)
Hibernate: 
    insert 
    into
        m_member
        (moddate, regdate, email, nickname, pw) 
    values
        (?, ?, ?, ?, ?)
Hibernate: 
    insert 
    into
        m_member
        (moddate, regdate, email, nickname, pw) 
    values
        (?, ?, ?, ?, ?)
Hibernate: 
    insert 
    into
        m_member
        (moddate, regdate, email, nickname, pw) 
    values
        (?, ?, ?, ?, ?)
Hibernate: 
    insert 
    into
        m_member
        (moddate, regdate, email, nickname, pw) 
    values
        (?, ?, ?, ?, ?)
Hibernate: 
    insert 
    into
        m_member
        (moddate, regdate, email, nickname, pw) 
    values
        (?, ?, ?, ?, ?)
Hibernate: 
    insert 
    into
        m_member
        (moddate, regdate, email, nickname, pw) 
    values
        (?, ?, ?, ?, ?)
Hibernate: 
    insert 
    into
        m_member
        (moddate, regdate, email, nickname, pw) 
    values
        (?, ?, ?, ?, ?)
Hibernate: 
    insert 
    into
        m_member
        (moddate, regdate, email, nickname, pw) 
    values
        (?, ?, ?, ?, ?)
Hibernate: 
    insert 
    into
        m_member
        (moddate, regdate, email, nickname, pw) 
    values
        (?, ?, ?, ?, ?)
Hibernate: 
    insert 
    into
        m_member
        (moddate, regdate, email, nickname, pw) 
    values
        (?, ?, ?, ?, ?)
Hibernate: 
    insert 
    into
        m_member
        (moddate, regdate, email, nickname, pw) 
    values
        (?, ?, ?, ?, ?)
Hibernate: 
    insert 
    into
        m_member
        (moddate, regdate, email, nickname, pw) 
    values
        (?, ?, ?, ?, ?)
Hibernate: 
    insert 
    into
        m_member
        (moddate, regdate, email, nickname, pw) 
    values
        (?, ?, ?, ?, ?)
Hibernate: 
    insert 
    into
        m_member
        (moddate, regdate, email, nickname, pw) 
    values
        (?, ?, ?, ?, ?)
Hibernate: 
    insert 
    into
        m_member
        (moddate, regdate, email, nickname, pw) 
    values
        (?, ?, ?, ?, ?)
Hibernate: 
    insert 
    into
        m_member
        (moddate, regdate, email, nickname, pw) 
    values
        (?, ?, ?, ?, ?)
Hibernate: 
    insert 
    into
        m_member
        (moddate, regdate, email, nickname, pw) 
    values
        (?, ?, ?, ?, ?)
Hibernate: 
    insert 
    into
        m_member
        (moddate, regdate, email, nickname, pw) 
    values
        (?, ?, ?, ?, ?)
Hibernate: 
    insert 
    into
        m_member
        (moddate, regdate, email, nickname, pw) 
    values
        (?, ?, ?, ?, ?)
Hibernate: 
    insert 
    into
        m_member
        (moddate, regdate, email, nickname, pw) 
    values
        (?, ?, ?, ?, ?)
Hibernate: 
    insert 
    into
        m_member
        (moddate, regdate, email, nickname, pw) 
    values
        (?, ?, ?, ?, ?)
Hibernate: 
    insert 
    into
        m_member
        (moddate, regdate, email, nickname, pw) 
    values
        (?, ?, ?, ?, ?)
Hibernate: 
    insert 
    into
        m_member
        (moddate, regdate, email, nickname, pw) 
    values
        (?, ?, ?, ?, ?)
Hibernate: 
    insert 
    into
        m_member
        (moddate, regdate, email, nickname, pw) 
    values
        (?, ?, ?, ?, ?)
Hibernate: 
    insert 
    into
        m_member
        (moddate, regdate, email, nickname, pw) 
    values
        (?, ?, ?, ?, ?)
Hibernate: 
    insert 
    into
        m_member
        (moddate, regdate, email, nickname, pw) 
    values
        (?, ?, ?, ?, ?)
Hibernate: 
    insert 
    into
        m_member
        (moddate, regdate, email, nickname, pw) 
    values
        (?, ?, ?, ?, ?)
Hibernate: 
    insert 
    into
        m_member
        (moddate, regdate, email, nickname, pw) 
    values
        (?, ?, ?, ?, ?)
Hibernate: 
    insert 
    into
        m_member
        (moddate, regdate, email, nickname, pw) 
    values
        (?, ?, ?, ?, ?)
Hibernate: 
    insert 
    into
        m_member
        (moddate, regdate, email, nickname, pw) 
    values
        (?, ?, ?, ?, ?)
Hibernate: 
    insert 
    into
        m_member
        (moddate, regdate, email, nickname, pw) 
    values
        (?, ?, ?, ?, ?)
Hibernate: 
    insert 
    into
        m_member
        (moddate, regdate, email, nickname, pw) 
    values
        (?, ?, ?, ?, ?)
Hibernate: 
    insert 
    into
        m_member
        (moddate, regdate, email, nickname, pw) 
    values
        (?, ?, ?, ?, ?)
Hibernate: 
    insert 
    into
        m_member
        (moddate, regdate, email, nickname, pw) 
    values
        (?, ?, ?, ?, ?)
Hibernate: 
    insert 
    into
        m_member
        (moddate, regdate, email, nickname, pw) 
    values
        (?, ?, ?, ?, ?)
Hibernate: 
    insert 
    into
        m_member
        (moddate, regdate, email, nickname, pw) 
    values
        (?, ?, ?, ?, ?)
Hibernate: 
    insert 
    into
        m_member
        (moddate, regdate, email, nickname, pw) 
    values
        (?, ?, ?, ?, ?)
Hibernate: 
    insert 
    into
        m_member
        (moddate, regdate, email, nickname, pw) 
    values
        (?, ?, ?, ?, ?)
Hibernate: 
    insert 
    into
        m_member
        (moddate, regdate, email, nickname, pw) 
    values
        (?, ?, ?, ?, ?)
Hibernate: 
    insert 
    into
        m_member
        (moddate, regdate, email, nickname, pw) 
    values
        (?, ?, ?, ?, ?)
Hibernate: 
    insert 
    into
        m_member
        (moddate, regdate, email, nickname, pw) 
    values
        (?, ?, ?, ?, ?)
Hibernate: 
    insert 
    into
        m_member
        (moddate, regdate, email, nickname, pw) 
    values
        (?, ?, ?, ?, ?)
Hibernate: 
    insert 
    into
        m_member
        (moddate, regdate, email, nickname, pw) 
    values
        (?, ?, ?, ?, ?)
Hibernate: 
    insert 
    into
        m_member
        (moddate, regdate, email, nickname, pw) 
    values
        (?, ?, ?, ?, ?)
Hibernate: 
    insert 
    into
        m_member
        (moddate, regdate, email, nickname, pw) 
    values
        (?, ?, ?, ?, ?)
Hibernate: 
    insert 
    into
        m_member
        (moddate, regdate, email, nickname, pw) 
    values
        (?, ?, ?, ?, ?)
Hibernate: 
    insert 
    into
        m_member
        (moddate, regdate, email, nickname, pw) 
    values
        (?, ?, ?, ?, ?)
Hibernate: 
    insert 
    into
        m_member
        (moddate, regdate, email, nickname, pw) 
    values
        (?, ?, ?, ?, ?)
Hibernate: 
    insert 
    into
        m_member
        (moddate, regdate, email, nickname, pw) 
    values
        (?, ?, ?, ?, ?)
Hibernate: 
    insert 
    into
        m_member
        (moddate, regdate, email, nickname, pw) 
    values
        (?, ?, ?, ?, ?)
Hibernate: 
    insert 
    into
        m_member
        (moddate, regdate, email, nickname, pw) 
    values
        (?, ?, ?, ?, ?)
]]></system-out>
  <system-err><![CDATA[]]></system-err>
</testsuite>
