<?xml version="1.0" encoding="UTF-8"?>
<testsuite name="com.example.mreview.service.MovieServiceTests" tests="1" skipped="0" failures="0" errors="0" timestamp="2021-01-22T04:25:59" hostname="AL01590068.local" time="0.032">
  <properties/>
  <testcase name="testGetMovie()" classname="com.example.mreview.service.MovieServiceTests" time="0.032"/>
  <system-out><![CDATA[2021-01-22 13:25:59.202  INFO 7808 --- [    Test worker] .b.t.c.SpringBootTestContextBootstrapper : Neither @ContextConfiguration nor @ContextHierarchy found for test class [com.example.mreview.service.MovieServiceTests], using SpringBootContextLoader
2021-01-22 13:25:59.203  INFO 7808 --- [    Test worker] o.s.t.c.support.AbstractContextLoader    : Could not detect default resource locations for test class [com.example.mreview.service.MovieServiceTests]: no resource found for suffixes {-context.xml, Context.groovy}.
2021-01-22 13:25:59.204  INFO 7808 --- [    Test worker] t.c.s.AnnotationConfigContextLoaderUtils : Could not detect default configuration classes for test class [com.example.mreview.service.MovieServiceTests]: MovieServiceTests does not declare any static, non-private, non-final, nested classes annotated with @Configuration.
2021-01-22 13:25:59.205  INFO 7808 --- [    Test worker] .b.t.c.SpringBootTestContextBootstrapper : Found @SpringBootConfiguration com.example.mreview.MreviewApplication for test class com.example.mreview.service.MovieServiceTests
2021-01-22 13:25:59.206  INFO 7808 --- [    Test worker] .b.t.c.SpringBootTestContextBootstrapper : Loaded default TestExecutionListener class names from location [META-INF/spring.factories]: [org.springframework.boot.test.autoconfigure.restdocs.RestDocsTestExecutionListener, org.springframework.boot.test.autoconfigure.web.client.MockRestServiceServerResetTestExecutionListener, org.springframework.boot.test.autoconfigure.web.servlet.MockMvcPrintOnlyOnFailureTestExecutionListener, org.springframework.boot.test.autoconfigure.web.servlet.WebDriverTestExecutionListener, org.springframework.boot.test.autoconfigure.webservices.client.MockWebServiceServerTestExecutionListener, org.springframework.boot.test.mock.mockito.MockitoTestExecutionListener, org.springframework.boot.test.mock.mockito.ResetMocksTestExecutionListener, org.springframework.test.context.web.ServletTestExecutionListener, org.springframework.test.context.support.DirtiesContextBeforeModesTestExecutionListener, org.springframework.test.context.event.ApplicationEventsTestExecutionListener, org.springframework.test.context.support.DependencyInjectionTestExecutionListener, org.springframework.test.context.support.DirtiesContextTestExecutionListener, org.springframework.test.context.transaction.TransactionalTestExecutionListener, org.springframework.test.context.jdbc.SqlScriptsTestExecutionListener, org.springframework.test.context.event.EventPublishingTestExecutionListener]
2021-01-22 13:25:59.206  INFO 7808 --- [    Test worker] .b.t.c.SpringBootTestContextBootstrapper : Using TestExecutionListeners: [org.springframework.test.context.web.ServletTestExecutionListener@375af267, org.springframework.test.context.support.DirtiesContextBeforeModesTestExecutionListener@1f4c06, org.springframework.test.context.event.ApplicationEventsTestExecutionListener@1231e239, org.springframework.boot.test.mock.mockito.MockitoTestExecutionListener@6e9a00cd, org.springframework.boot.test.autoconfigure.SpringBootDependencyInjectionTestExecutionListener@eb30eb3, org.springframework.test.context.support.DirtiesContextTestExecutionListener@74361c1f, org.springframework.test.context.transaction.TransactionalTestExecutionListener@698b188a, org.springframework.test.context.jdbc.SqlScriptsTestExecutionListener@57a9f11e, org.springframework.test.context.event.EventPublishingTestExecutionListener@4179abce, org.springframework.boot.test.autoconfigure.restdocs.RestDocsTestExecutionListener@56b911a, org.springframework.boot.test.autoconfigure.web.client.MockRestServiceServerResetTestExecutionListener@34958675, org.springframework.boot.test.autoconfigure.web.servlet.MockMvcPrintOnlyOnFailureTestExecutionListener@2caca0f8, org.springframework.boot.test.autoconfigure.web.servlet.WebDriverTestExecutionListener@20075978, org.springframework.boot.test.autoconfigure.webservices.client.MockWebServiceServerTestExecutionListener@793def23, org.springframework.boot.test.mock.mockito.ResetMocksTestExecutionListener@6103685f]
Hibernate: 
    select
        movie0_.mno as col_0_0_,
        movieimage1_.inum as col_1_0_,
        avg(coalesce(review2_.grade,
        0)) as col_2_0_,
        count(review2_.reviewnum) as col_3_0_,
        movie0_.mno as mno1_1_0_,
        movieimage1_.inum as inum1_2_1_,
        movie0_.moddate as moddate2_1_0_,
        movie0_.regdate as regdate3_1_0_,
        movie0_.title as title4_1_0_,
        movieimage1_.img_name as img_name2_2_1_,
        movieimage1_.movie_mno as movie_mn5_2_1_,
        movieimage1_.path as path3_2_1_,
        movieimage1_.uuid as uuid4_2_1_ 
    from
        movie movie0_ 
    left outer join
        movie_image movieimage1_ 
            on (
                movieimage1_.movie_mno=movie0_.mno
            ) 
    left outer join
        review review2_ 
            on (
                review2_.movie_mno=movie0_.mno
            ) 
    where
        movie0_.mno=? 
    group by
        movieimage1_.inum
MovieDTO(mno=102, title=Movie...2, imageDTOList=[MovieImageDTO(inum=328, uuid=ac3ea9cb-b180-4bbc-8020-af8c9b688dd3, imgName=test0.jpg, path=null)], avg=0.0, reviewCnt=0, regDate=2021-01-22T13:21:31.884435, modDate=2021-01-22T13:21:31.884435)
]]></system-out>
  <system-err><![CDATA[]]></system-err>
</testsuite>
