<?xml version="1.0" encoding="UTF-8"?>
<testsuite name="com.example.mreview.MreviewApplicationTests" tests="1" skipped="0" failures="0" errors="0" timestamp="2021-01-22T04:25:59" hostname="AL01590068.local" time="0.002">
  <properties/>
  <testcase name="contextLoads()" classname="com.example.mreview.MreviewApplicationTests" time="0.002"/>
  <system-out><![CDATA[2021-01-22 13:25:59.180  INFO 7808 --- [    Test worker] .b.t.c.SpringBootTestContextBootstrapper : Neither @ContextConfiguration nor @ContextHierarchy found for test class [com.example.mreview.MreviewApplicationTests], using SpringBootContextLoader
2021-01-22 13:25:59.181  INFO 7808 --- [    Test worker] o.s.t.c.support.AbstractContextLoader    : Could not detect default resource locations for test class [com.example.mreview.MreviewApplicationTests]: no resource found for suffixes {-context.xml, Context.groovy}.
2021-01-22 13:25:59.181  INFO 7808 --- [    Test worker] t.c.s.AnnotationConfigContextLoaderUtils : Could not detect default configuration classes for test class [com.example.mreview.MreviewApplicationTests]: MreviewApplicationTests does not declare any static, non-private, non-final, nested classes annotated with @Configuration.
2021-01-22 13:25:59.184  INFO 7808 --- [    Test worker] .b.t.c.SpringBootTestContextBootstrapper : Found @SpringBootConfiguration com.example.mreview.MreviewApplication for test class com.example.mreview.MreviewApplicationTests
2021-01-22 13:25:59.185  INFO 7808 --- [    Test worker] .b.t.c.SpringBootTestContextBootstrapper : Loaded default TestExecutionListener class names from location [META-INF/spring.factories]: [org.springframework.boot.test.autoconfigure.restdocs.RestDocsTestExecutionListener, org.springframework.boot.test.autoconfigure.web.client.MockRestServiceServerResetTestExecutionListener, org.springframework.boot.test.autoconfigure.web.servlet.MockMvcPrintOnlyOnFailureTestExecutionListener, org.springframework.boot.test.autoconfigure.web.servlet.WebDriverTestExecutionListener, org.springframework.boot.test.autoconfigure.webservices.client.MockWebServiceServerTestExecutionListener, org.springframework.boot.test.mock.mockito.MockitoTestExecutionListener, org.springframework.boot.test.mock.mockito.ResetMocksTestExecutionListener, org.springframework.test.context.web.ServletTestExecutionListener, org.springframework.test.context.support.DirtiesContextBeforeModesTestExecutionListener, org.springframework.test.context.event.ApplicationEventsTestExecutionListener, org.springframework.test.context.support.DependencyInjectionTestExecutionListener, org.springframework.test.context.support.DirtiesContextTestExecutionListener, org.springframework.test.context.transaction.TransactionalTestExecutionListener, org.springframework.test.context.jdbc.SqlScriptsTestExecutionListener, org.springframework.test.context.event.EventPublishingTestExecutionListener]
2021-01-22 13:25:59.185  INFO 7808 --- [    Test worker] .b.t.c.SpringBootTestContextBootstrapper : Using TestExecutionListeners: [org.springframework.test.context.web.ServletTestExecutionListener@3db75ed3, org.springframework.test.context.support.DirtiesContextBeforeModesTestExecutionListener@70c4b79f, org.springframework.test.context.event.ApplicationEventsTestExecutionListener@7f6ec22d, org.springframework.boot.test.mock.mockito.MockitoTestExecutionListener@28be7000, org.springframework.boot.test.autoconfigure.SpringBootDependencyInjectionTestExecutionListener@2f78f202, org.springframework.test.context.support.DirtiesContextTestExecutionListener@7ad5d03d, org.springframework.test.context.transaction.TransactionalTestExecutionListener@73a30ae0, org.springframework.test.context.jdbc.SqlScriptsTestExecutionListener@28464ae4, org.springframework.test.context.event.EventPublishingTestExecutionListener@40c6550c, org.springframework.boot.test.autoconfigure.restdocs.RestDocsTestExecutionListener@14462111, org.springframework.boot.test.autoconfigure.web.client.MockRestServiceServerResetTestExecutionListener@7fd9dd73, org.springframework.boot.test.autoconfigure.web.servlet.MockMvcPrintOnlyOnFailureTestExecutionListener@6552a906, org.springframework.boot.test.autoconfigure.web.servlet.WebDriverTestExecutionListener@17ceee95, org.springframework.boot.test.autoconfigure.webservices.client.MockWebServiceServerTestExecutionListener@32a50bd4, org.springframework.boot.test.mock.mockito.ResetMocksTestExecutionListener@3267ab6]
]]></system-out>
  <system-err><![CDATA[]]></system-err>
</testsuite>
